Using pre-set license
Built from '2020.3/release' branch; Version is '2020.3.7f1 (dd97f2c94397) revision 14522354'; Using compiler version '192528614'; Build Type 'Release'
OS: 'Windows 10 Home; OS build 19042.985; Version 2009; 64bit' Language: 'ko' Physical Memory: 32694 MB
BatchMode: 1, IsHumanControllingUs: 0, StartBugReporterOnCrash: 0, Is64bit: 1, IsPro: 0

 COMMAND LINE ARGUMENTS:
C:\Program Files\Unity\Hub\Editor\2020.3.7f1\Editor\Unity.exe
-adb2
-batchMode
-noUpm
-name
AssetImportWorker0
-projectPath
C:/Users/USER/WSL/AppleGame/game
-logFile
Logs/AssetImportWorker0.log
-srvPort
60639
Successfully changed project path to: C:/Users/USER/WSL/AppleGame/game
C:/Users/USER/WSL/AppleGame/game
Using Asset Import Pipeline V2.
Refreshing native plugins compatible for Editor in 24.29 ms, found 1 plugins.
Preloading 0 native plugins for Editor in 0.00 ms.
Initialize engine version: 2020.3.7f1 (dd97f2c94397)
[Subsystems] Discovering subsystems at path C:/Program Files/Unity/Hub/Editor/2020.3.7f1/Editor/Data/Resources/UnitySubsystems
[Subsystems] Discovering subsystems at path C:/Users/USER/WSL/AppleGame/game/Assets
GfxDevice: creating device client; threaded=0
Direct3D:
    Version:  Direct3D 11.0 [level 11.1]
    Renderer: AMD Radeon RX 6700 XT (ID=0x73df)
    Vendor:   
    VRAM:     12244 MB
    Driver:   27.20.15003.5017
Initialize mono
Mono path[0] = 'C:/Program Files/Unity/Hub/Editor/2020.3.7f1/Editor/Data/Managed'
Mono path[1] = 'C:/Program Files/Unity/Hub/Editor/2020.3.7f1/Editor/Data/MonoBleedingEdge/lib/mono/unityjit'
Mono config path = 'C:/Program Files/Unity/Hub/Editor/2020.3.7f1/Editor/Data/MonoBleedingEdge/etc'
Using monoOptions --debugger-agent=transport=dt_socket,embedding=1,server=y,suspend=n,address=127.0.0.1:56984
Begin MonoManager ReloadAssembly
Registering precompiled unity dll's ...
Register platform support module: C:/Program Files/Unity/Hub/Editor/2020.3.7f1/Editor/Data/PlaybackEngines/WindowsStandaloneSupport/UnityEditor.WindowsStandalone.Extensions.dll
Registered in 0.002191 seconds.
Native extension for WindowsStandalone target not found
Refreshing native plugins compatible for Editor in 24.48 ms, found 1 plugins.
Preloading 0 native plugins for Editor in 0.00 ms.
Mono: successfully reloaded assembly
- Completed reload, in  1.339 seconds
Platform modules already initialized, skipping
Registering precompiled user dll's ...
Registered in 0.000713 seconds.
Begin MonoManager ReloadAssembly
Native extension for WindowsStandalone target not found
Refreshing native plugins compatible for Editor in 23.64 ms, found 1 plugins.
Preloading 0 native plugins for Editor in 0.00 ms.
Mono: successfully reloaded assembly
- Completed reload, in  0.591 seconds
Platform modules already initialized, skipping
========================================================================
Worker process is ready to serve import requests
Launched and connected shader compiler UnityShaderCompiler.exe after 0.03 seconds
Refreshing native plugins compatible for Editor in 0.40 ms, found 1 plugins.
Preloading 0 native plugins for Editor in 0.00 ms.
Unloading 1822 Unused Serialized files (Serialized files now loaded: 0)
System memory in use before: 87.3 MB.
System memory in use after: 87.2 MB.

Unloading 23 unused Assets to reduce memory usage. Loaded Objects now: 2269.
Total: 1.969600 ms (FindLiveObjects: 0.254800 ms CreateObjectMapping: 0.077200 ms MarkObjects: 1.537200 ms  DeleteObjects: 0.099700 ms)

========================================================================
Received Import Request.
  path: Assets/Apple.prefab
  artifactKey: Guid(7a591d1f4254c404dbb58ec4623a11e3) Importer(815301076,1909f56bfc062723c751e8b465ee728b)
Start importing Assets/Apple.prefab using Guid(7a591d1f4254c404dbb58ec4623a11e3) Importer(815301076,1909f56bfc062723c751e8b465ee728b)  -> (artifact id: '84ce134501f844045673560aeaa5d4b4') in 0.086010 seconds
  Import took 0.088735 seconds .

========================================================================
Received Import Request.
  Time since last request: 2.034260 seconds.
  path: Assets/Apple.prefab
  artifactKey: Guid(7a591d1f4254c404dbb58ec4623a11e3) Importer(815301076,1909f56bfc062723c751e8b465ee728b)
Start importing Assets/Apple.prefab using Guid(7a591d1f4254c404dbb58ec4623a11e3) Importer(815301076,1909f56bfc062723c751e8b465ee728b)  -> (artifact id: '54c0d2ba859e817a6e9d0512e76c0ebd') in 0.010035 seconds
  Import took 0.012696 seconds .

========================================================================
Received Import Request.
  Time since last request: 443.418722 seconds.
  path: Assets/TextMesh Pro/Resources/Fonts & Materials/LiberationSans SDF.asset
  artifactKey: Guid(8f586378b4e144a9851e7b34d9b748ee) Importer(815301076,1909f56bfc062723c751e8b465ee728b)
Start importing Assets/TextMesh Pro/Resources/Fonts & Materials/LiberationSans SDF.asset using Guid(8f586378b4e144a9851e7b34d9b748ee) Importer(815301076,1909f56bfc062723c751e8b465ee728b)  -> (artifact id: 'f2787ec1056042f08499273a248d87cc') in 0.075776 seconds
  Import took 0.078740 seconds .

========================================================================
Received Import Request.
  Time since last request: 165.940112 seconds.
  path: Assets/Apple.prefab
  artifactKey: Guid(7a591d1f4254c404dbb58ec4623a11e3) Importer(815301076,1909f56bfc062723c751e8b465ee728b)
Start importing Assets/Apple.prefab using Guid(7a591d1f4254c404dbb58ec4623a11e3) Importer(815301076,1909f56bfc062723c751e8b465ee728b)  -> (artifact id: '6faa2b19e03d6eca581463264f9e523d') in 0.011926 seconds
  Import took 0.014746 seconds .

========================================================================
Received Import Request.
  Time since last request: 0.001164 seconds.
  path: Assets/Apple.prefab
  artifactKey: Guid(7a591d1f4254c404dbb58ec4623a11e3) Importer(815301076,1909f56bfc062723c751e8b465ee728b)
Start importing Assets/Apple.prefab using Guid(7a591d1f4254c404dbb58ec4623a11e3) Importer(815301076,1909f56bfc062723c751e8b465ee728b)  -> (artifact id: '6faa2b19e03d6eca581463264f9e523d') in 0.008107 seconds
  Import took 0.010347 seconds .

========================================================================
Received Import Request.
  Time since last request: 86.213102 seconds.
  path: Assets/Apple.prefab
  artifactKey: Guid(7a591d1f4254c404dbb58ec4623a11e3) Importer(815301076,1909f56bfc062723c751e8b465ee728b)
Start importing Assets/Apple.prefab using Guid(7a591d1f4254c404dbb58ec4623a11e3) Importer(815301076,1909f56bfc062723c751e8b465ee728b)  -> (artifact id: 'b5fa248d4f34c275892e52ca482bdfc8') in 0.011631 seconds
  Import took 0.014282 seconds .

========================================================================
Received Import Request.
  Time since last request: 2.396289 seconds.
  path: Assets/Apple.prefab
  artifactKey: Guid(7a591d1f4254c404dbb58ec4623a11e3) Importer(815301076,1909f56bfc062723c751e8b465ee728b)
Start importing Assets/Apple.prefab using Guid(7a591d1f4254c404dbb58ec4623a11e3) Importer(815301076,1909f56bfc062723c751e8b465ee728b)  -> (artifact id: 'b9e5a6bd8a45cf5de4e5dbfcb7948f6a') in 0.011176 seconds
  Import took 0.013762 seconds .

========================================================================
Received Import Request.
  Time since last request: 2.605093 seconds.
  path: Assets/Apple.prefab
  artifactKey: Guid(7a591d1f4254c404dbb58ec4623a11e3) Importer(815301076,1909f56bfc062723c751e8b465ee728b)
Start importing Assets/Apple.prefab using Guid(7a591d1f4254c404dbb58ec4623a11e3) Importer(815301076,1909f56bfc062723c751e8b465ee728b)  -> (artifact id: '1f1b5a6dfb747dd1d200cad707b4936c') in 0.007883 seconds
  Import took 0.010479 seconds .

========================================================================
Received Import Request.
  Time since last request: 17.729279 seconds.
  path: Assets/Apple.prefab
  artifactKey: Guid(7a591d1f4254c404dbb58ec4623a11e3) Importer(815301076,1909f56bfc062723c751e8b465ee728b)
Start importing Assets/Apple.prefab using Guid(7a591d1f4254c404dbb58ec4623a11e3) Importer(815301076,1909f56bfc062723c751e8b465ee728b)  -> (artifact id: 'bcfef63040510b85942878903ed76869') in 0.013943 seconds
  Import took 0.016736 seconds .

========================================================================
Received Import Request.
  Time since last request: 1.399195 seconds.
  path: Assets/Apple.prefab
  artifactKey: Guid(7a591d1f4254c404dbb58ec4623a11e3) Importer(815301076,1909f56bfc062723c751e8b465ee728b)
Start importing Assets/Apple.prefab using Guid(7a591d1f4254c404dbb58ec4623a11e3) Importer(815301076,1909f56bfc062723c751e8b465ee728b)  -> (artifact id: 'a7a28e2364672a8a81dd1e810395817b') in 0.012329 seconds
  Import took 0.014887 seconds .

========================================================================
Received Import Request.
  Time since last request: 99.625587 seconds.
  path: Assets/GameControl.cs
  artifactKey: Guid(50ece7130fafc9142b8d21211278cf9c) Importer(815301076,1909f56bfc062723c751e8b465ee728b)
Start importing Assets/GameControl.cs using Guid(50ece7130fafc9142b8d21211278cf9c) Importer(815301076,1909f56bfc062723c751e8b465ee728b)  -> (artifact id: '87e4fddab419d81cef8202af56928423') in 0.019897 seconds
  Import took 0.022435 seconds .

